-- The C compiler identification is GNU 11.4.0
-- The CXX compiler identification is GNU 11.4.0
-- Detecting C compiler ABI info
-- Detecting C compiler ABI info - done
-- Check for working C compiler: /usr/bin/cc - skipped
-- Detecting C compile features
-- Detecting C compile features - done
-- Detecting CXX compiler ABI info
-- Detecting CXX compiler ABI info - done
-- Check for working CXX compiler: /usr/bin/c++ - skipped
-- Detecting CXX compile features
-- Detecting CXX compile features - done
-- Found ament_cmake: 1.3.12 (/opt/ros/humble/share/ament_cmake/cmake)
-- Found Python3: /usr/bin/python3 (found version "3.10.12") found components: Interpreter 
-- Found rclcpp: 16.0.15 (/opt/ros/humble/share/rclcpp/cmake)
-- Found rosidl_generator_c: 3.1.7 (/opt/ros/humble/share/rosidl_generator_c/cmake)
-- Found rosidl_adapter: 3.1.7 (/opt/ros/humble/share/rosidl_adapter/cmake)
-- Found rosidl_generator_cpp: 3.1.7 (/opt/ros/humble/share/rosidl_generator_cpp/cmake)
-- Using all available rosidl_typesupport_c: rosidl_typesupport_fastrtps_c;rosidl_typesupport_introspection_c
-- Using all available rosidl_typesupport_cpp: rosidl_typesupport_fastrtps_cpp;rosidl_typesupport_introspection_cpp
-- Found rmw_implementation_cmake: 6.1.2 (/opt/ros/humble/share/rmw_implementation_cmake/cmake)
-- Found rmw_fastrtps_cpp: 6.2.8 (/opt/ros/humble/share/rmw_fastrtps_cpp/cmake)
-- Found OpenSSL: /usr/lib/x86_64-linux-gnu/libcrypto.so (found version "3.0.2")  
-- Found FastRTPS: /opt/ros/humble/include  
-- Using RMW implementation 'rmw_fastrtps_cpp' as default
-- Looking for pthread.h
-- Looking for pthread.h - found
-- Performing Test CMAKE_HAVE_LIBC_PTHREAD
-- Performing Test CMAKE_HAVE_LIBC_PTHREAD - Success
-- Found Threads: TRUE  
-- Found rclcpp_components: 16.0.15 (/opt/ros/humble/share/rclcpp_components/cmake)
-- Found sensor_msgs: 4.9.0 (/opt/ros/humble/share/sensor_msgs/cmake)
-- Found image_transport: 3.1.12 (/opt/ros/humble/share/image_transport/cmake)
-- Found cv_bridge: 3.2.1 (/opt/ros/humble/share/cv_bridge/cmake)
-- Found camera_info_manager: 3.1.12 (/opt/ros/humble/share/camera_info_manager/cmake)
-- Found ament_lint_auto: 0.12.14 (/opt/ros/humble/share/ament_lint_auto/cmake)
-- Added test 'copyright' to check source files copyright and LICENSE
-- Added test 'cppcheck' to perform static code analysis on C / C++ code
-- Configured cppcheck include dirs: /home/coordsys/zbx/MVSROS_project/MVS_ROS2/hik_camera/include
-- Configured cppcheck exclude dirs and/or files: 
-- Added test 'cpplint' to check C / C++ code against the Google style
-- Configured cpplint exclude dirs and/or files: 
-- Added test 'flake8' to check Python code syntax and style conventions
-- Added test 'lint_cmake' to check CMake code style
-- Added test 'pep257' to check Python code against some of the docstring style conventions in PEP 257
-- Added test 'uncrustify' to check C / C++ code style
-- Configured uncrustify additional arguments: 
-- Added test 'xmllint' to check XML markup files
-- Configuring done
-- Generating done
-- Build files have been written to: /home/coordsys/zbx/MVSROS_project/build/hik_camera
[ 33%] [32mBuilding CXX object CMakeFiles/hik_camera_node.dir/src/hik_camera_node.cpp.o[0m
[ 66%] [32mBuilding CXX object CMakeFiles/hik_camera_node.dir/src/hik_camera_driver.cpp.o[0m
In file included from [01m[K/opt/ros/humble/include/rclcpp/rclcpp/logging.hpp:24[m[K,
                 from [01m[K/opt/ros/humble/include/rclcpp/rclcpp/client.hpp:40[m[K,
                 from [01m[K/opt/ros/humble/include/rclcpp/rclcpp/callback_group.hpp:24[m[K,
                 from [01m[K/opt/ros/humble/include/rclcpp/rclcpp/any_executable.hpp:20[m[K,
                 from [01m[K/opt/ros/humble/include/rclcpp/rclcpp/memory_strategy.hpp:25[m[K,
                 from [01m[K/opt/ros/humble/include/rclcpp/rclcpp/memory_strategies.hpp:18[m[K,
                 from [01m[K/opt/ros/humble/include/rclcpp/rclcpp/executor_options.hpp:20[m[K,
                 from [01m[K/opt/ros/humble/include/rclcpp/rclcpp/executor.hpp:37[m[K,
                 from [01m[K/opt/ros/humble/include/rclcpp/rclcpp/executors/multi_threaded_executor.hpp:25[m[K,
                 from [01m[K/opt/ros/humble/include/rclcpp/rclcpp/executors.hpp:21[m[K,
                 from [01m[K/opt/ros/humble/include/rclcpp/rclcpp/rclcpp.hpp:155[m[K,
                 from [01m[K/home/coordsys/zbx/MVSROS_project/MVS_ROS2/hik_camera/include/hik_camera/hik_camera_driver.hpp:6[m[K,
                 from [01m[K/home/coordsys/zbx/MVSROS_project/MVS_ROS2/hik_camera/src/hik_camera_driver.cpp:1[m[K:
[01m[K/home/coordsys/zbx/MVSROS_project/MVS_ROS2/hik_camera/src/hik_camera_driver.cpp:[m[K In static member function ‘[01m[Kstatic void HikCameraDriver::onImageCallback(unsigned char*, MV_FRAME_OUT_INFO_EX*, void*)[m[K’:
[01m[K/home/coordsys/zbx/MVSROS_project/MVS_ROS2/hik_camera/src/hik_camera_driver.cpp:289:17:[m[K [01;35m[Kwarning: [m[Kformat ‘[01m[K%u[m[K’ expects argument of type ‘[01m[Kunsigned int[m[K’, but argument 7 has type ‘[01m[Klong int[m[K’ [[01;35m[K]8;;https://gcc.gnu.org/onlinedocs/gcc/Warning-Options.html#index-Wformat=-Wformat=]8;;[m[K]
  289 |                 [01;35m[K"Image received: %dx%d, format=%u"[m[K,
      |                 [01;35m[K^~~~~~~~~~~~~~~~~~~~~~~~~~~~~~~~~~[m[K
  290 |                 pFrameInfo->nWidth, pFrameInfo->nHeight, [32m[KpFrameInfo->enPixelType[m[K);
      |                                                          [32m[K~~~~~~~~~~~~~~~~~~~~~~~[m[K
      |                                                                      [32m[K|[m[K
      |                                                                      [32m[Klong int[m[K
[01m[K/home/coordsys/zbx/MVSROS_project/MVS_ROS2/hik_camera/src/hik_camera_driver.cpp:289:49:[m[K [01;36m[Knote: [m[Kformat string is defined here
  289 |                 "Image received: %dx%d, format=[01;36m[K%u[m[K",
      |                                                [01;36m[K~^[m[K
      |                                                 [01;36m[K|[m[K
      |                                                 [01;36m[Kunsigned int[m[K
      |                                                [32m[K%lu[m[K
In file included from [01m[K/opt/ros/humble/include/rclcpp/rclcpp/logging.hpp:24[m[K,
                 from [01m[K/opt/ros/humble/include/rclcpp/rclcpp/client.hpp:40[m[K,
                 from [01m[K/opt/ros/humble/include/rclcpp/rclcpp/callback_group.hpp:24[m[K,
                 from [01m[K/opt/ros/humble/include/rclcpp/rclcpp/any_executable.hpp:20[m[K,
                 from [01m[K/opt/ros/humble/include/rclcpp/rclcpp/memory_strategy.hpp:25[m[K,
                 from [01m[K/opt/ros/humble/include/rclcpp/rclcpp/memory_strategies.hpp:18[m[K,
                 from [01m[K/opt/ros/humble/include/rclcpp/rclcpp/executor_options.hpp:20[m[K,
                 from [01m[K/opt/ros/humble/include/rclcpp/rclcpp/executor.hpp:37[m[K,
                 from [01m[K/opt/ros/humble/include/rclcpp/rclcpp/executors/multi_threaded_executor.hpp:25[m[K,
                 from [01m[K/opt/ros/humble/include/rclcpp/rclcpp/executors.hpp:21[m[K,
                 from [01m[K/opt/ros/humble/include/rclcpp/rclcpp/rclcpp.hpp:155[m[K,
                 from [01m[K/home/coordsys/zbx/MVSROS_project/MVS_ROS2/hik_camera/include/hik_camera/hik_camera_driver.hpp:6[m[K,
                 from [01m[K/home/coordsys/zbx/MVSROS_project/MVS_ROS2/hik_camera/src/hik_camera_driver.cpp:1[m[K:
[01m[K/home/coordsys/zbx/MVSROS_project/MVS_ROS2/hik_camera/src/hik_camera_driver.cpp:306:21:[m[K [01;35m[Kwarning: [m[Kformat ‘[01m[K%u[m[K’ expects argument of type ‘[01m[Kunsigned int[m[K’, but argument 5 has type ‘[01m[Klong int[m[K’ [[01;35m[K]8;;https://gcc.gnu.org/onlinedocs/gcc/Warning-Options.html#index-Wformat=-Wformat=]8;;[m[K]
  306 |                     [01;35m[K"Unsupported pixel format: %u"[m[K, [32m[KpFrameInfo->enPixelType[m[K);
      |                     [01;35m[K^~~~~~~~~~~~~~~~~~~~~~~~~~~~~~[m[K  [32m[K~~~~~~~~~~~~~~~~~~~~~~~[m[K
      |                                                                 [32m[K|[m[K
      |                                                                 [32m[Klong int[m[K
[01m[K/home/coordsys/zbx/MVSROS_project/MVS_ROS2/hik_camera/src/hik_camera_driver.cpp:306:49:[m[K [01;36m[Knote: [m[Kformat string is defined here
  306 |                     "Unsupported pixel format: [01;36m[K%u[m[K", pFrameInfo->enPixelType);
      |                                                [01;36m[K~^[m[K
      |                                                 [01;36m[K|[m[K
      |                                                 [01;36m[Kunsigned int[m[K
      |                                                [32m[K%lu[m[K
[100%] [32m[1mLinking CXX executable hik_camera_node[0m
[100%] Built target hik_camera_node
-- Install configuration: ""
-- Installing: /home/coordsys/zbx/MVSROS_project/install/hik_camera/lib/hik_camera/hik_camera_node
-- Set runtime path of "/home/coordsys/zbx/MVSROS_project/install/hik_camera/lib/hik_camera/hik_camera_node" to "$ORIGIN/../lib:$ORIGIN/lib:/home/coordsys/zbx/MVSROS_project/MVS_SDK/SDK/lib/64"
-- Installing: /home/coordsys/zbx/MVSROS_project/install/hik_camera/share/hik_camera/launch
-- Installing: /home/coordsys/zbx/MVSROS_project/install/hik_camera/share/hik_camera/launch/hik_camera.launch.py
-- Installing: /home/coordsys/zbx/MVSROS_project/install/hik_camera/share/hik_camera/config
-- Installing: /home/coordsys/zbx/MVSROS_project/install/hik_camera/share/hik_camera/config/camera_params.yaml
-- Installing: /home/coordsys/zbx/MVSROS_project/install/hik_camera/share/ament_index/resource_index/package_run_dependencies/hik_camera
-- Installing: /home/coordsys/zbx/MVSROS_project/install/hik_camera/share/ament_index/resource_index/parent_prefix_path/hik_camera
-- Installing: /home/coordsys/zbx/MVSROS_project/install/hik_camera/share/hik_camera/environment/ament_prefix_path.sh
-- Installing: /home/coordsys/zbx/MVSROS_project/install/hik_camera/share/hik_camera/environment/ament_prefix_path.dsv
-- Installing: /home/coordsys/zbx/MVSROS_project/install/hik_camera/share/hik_camera/environment/path.sh
-- Installing: /home/coordsys/zbx/MVSROS_project/install/hik_camera/share/hik_camera/environment/path.dsv
-- Installing: /home/coordsys/zbx/MVSROS_project/install/hik_camera/share/hik_camera/local_setup.bash
-- Installing: /home/coordsys/zbx/MVSROS_project/install/hik_camera/share/hik_camera/local_setup.sh
-- Installing: /home/coordsys/zbx/MVSROS_project/install/hik_camera/share/hik_camera/local_setup.zsh
-- Installing: /home/coordsys/zbx/MVSROS_project/install/hik_camera/share/hik_camera/local_setup.dsv
-- Installing: /home/coordsys/zbx/MVSROS_project/install/hik_camera/share/hik_camera/package.dsv
-- Installing: /home/coordsys/zbx/MVSROS_project/install/hik_camera/share/ament_index/resource_index/packages/hik_camera
-- Installing: /home/coordsys/zbx/MVSROS_project/install/hik_camera/share/hik_camera/cmake/hik_cameraConfig.cmake
-- Installing: /home/coordsys/zbx/MVSROS_project/install/hik_camera/share/hik_camera/cmake/hik_cameraConfig-version.cmake
-- Installing: /home/coordsys/zbx/MVSROS_project/install/hik_camera/share/hik_camera/package.xml
