[0.007s] Invoking command in '/home/coordsys/zbx/MVSROS_project/build/hik_camera': CMAKE_PREFIX_PATH=${CMAKE_PREFIX_PATH}:/opt/ros/humble /usr/bin/cmake /home/coordsys/zbx/MVSROS_project/MVS_ROS2/hik_camera -DCMAKE_INSTALL_PREFIX=/home/coordsys/zbx/MVSROS_project/install/hik_camera
[0.063s] -- The C compiler identification is GNU 11.4.0
[0.116s] -- The CXX compiler identification is GNU 11.4.0
[0.122s] -- Detecting C compiler ABI info
[0.218s] -- Detecting C compiler ABI info - done
[0.229s] -- Check for working C compiler: /usr/bin/cc - skipped
[0.229s] -- Detecting C compile features
[0.230s] -- Detecting C compile features - done
[0.232s] -- Detecting CXX compiler ABI info
[0.312s] -- Detecting CXX compiler ABI info - done
[0.317s] -- Check for working CXX compiler: /usr/bin/c++ - skipped
[0.318s] -- Detecting CXX compile features
[0.318s] -- Detecting CXX compile features - done
[0.319s] -- Found ament_cmake: 1.3.12 (/opt/ros/humble/share/ament_cmake/cmake)
[0.438s] -- Found Python3: /usr/bin/python3 (found version "3.10.12") found components: Interpreter 
[0.497s] -- Found rclcpp: 16.0.15 (/opt/ros/humble/share/rclcpp/cmake)
[0.522s] -- Found rosidl_generator_c: 3.1.7 (/opt/ros/humble/share/rosidl_generator_c/cmake)
[0.524s] -- Found rosidl_adapter: 3.1.7 (/opt/ros/humble/share/rosidl_adapter/cmake)
[0.529s] -- Found rosidl_generator_cpp: 3.1.7 (/opt/ros/humble/share/rosidl_generator_cpp/cmake)
[0.536s] -- Using all available rosidl_typesupport_c: rosidl_typesupport_fastrtps_c;rosidl_typesupport_introspection_c
[0.545s] -- Using all available rosidl_typesupport_cpp: rosidl_typesupport_fastrtps_cpp;rosidl_typesupport_introspection_cpp
[0.570s] -- Found rmw_implementation_cmake: 6.1.2 (/opt/ros/humble/share/rmw_implementation_cmake/cmake)
[0.571s] -- Found rmw_fastrtps_cpp: 6.2.8 (/opt/ros/humble/share/rmw_fastrtps_cpp/cmake)
[0.659s] -- Found OpenSSL: /usr/lib/x86_64-linux-gnu/libcrypto.so (found version "3.0.2")  
[0.684s] -- Found FastRTPS: /opt/ros/humble/include  
[0.712s] -- Using RMW implementation 'rmw_fastrtps_cpp' as default
[0.717s] -- Looking for pthread.h
[0.794s] -- Looking for pthread.h - found
[0.794s] -- Performing Test CMAKE_HAVE_LIBC_PTHREAD
[0.880s] -- Performing Test CMAKE_HAVE_LIBC_PTHREAD - Success
[0.882s] -- Found Threads: TRUE  
[0.914s] -- Found rclcpp_components: 16.0.15 (/opt/ros/humble/share/rclcpp_components/cmake)
[0.931s] -- Found sensor_msgs: 4.9.0 (/opt/ros/humble/share/sensor_msgs/cmake)
[0.950s] -- Found image_transport: 3.1.12 (/opt/ros/humble/share/image_transport/cmake)
[0.964s] -- Found cv_bridge: 3.2.1 (/opt/ros/humble/share/cv_bridge/cmake)
[0.968s] -- Found camera_info_manager: 3.1.12 (/opt/ros/humble/share/camera_info_manager/cmake)
[0.975s] -- Found ament_lint_auto: 0.12.14 (/opt/ros/humble/share/ament_lint_auto/cmake)
[1.027s] -- Added test 'copyright' to check source files copyright and LICENSE
[1.028s] -- Added test 'cppcheck' to perform static code analysis on C / C++ code
[1.028s] -- Configured cppcheck include dirs: /home/coordsys/zbx/MVSROS_project/MVS_ROS2/hik_camera/include
[1.028s] -- Configured cppcheck exclude dirs and/or files: 
[1.029s] -- Added test 'cpplint' to check C / C++ code against the Google style
[1.029s] -- Configured cpplint exclude dirs and/or files: 
[1.029s] -- Added test 'flake8' to check Python code syntax and style conventions
[1.029s] -- Added test 'lint_cmake' to check CMake code style
[1.029s] -- Added test 'pep257' to check Python code against some of the docstring style conventions in PEP 257
[1.030s] -- Added test 'uncrustify' to check C / C++ code style
[1.030s] -- Configured uncrustify additional arguments: 
[1.030s] -- Added test 'xmllint' to check XML markup files
[1.031s] -- Configuring done
[1.038s] -- Generating done
[1.040s] -- Build files have been written to: /home/coordsys/zbx/MVSROS_project/build/hik_camera
[1.049s] Invoked command in '/home/coordsys/zbx/MVSROS_project/build/hik_camera' returned '0': CMAKE_PREFIX_PATH=${CMAKE_PREFIX_PATH}:/opt/ros/humble /usr/bin/cmake /home/coordsys/zbx/MVSROS_project/MVS_ROS2/hik_camera -DCMAKE_INSTALL_PREFIX=/home/coordsys/zbx/MVSROS_project/install/hik_camera
[1.050s] Invoking command in '/home/coordsys/zbx/MVSROS_project/build/hik_camera': CMAKE_PREFIX_PATH=${CMAKE_PREFIX_PATH}:/opt/ros/humble /usr/bin/cmake --build /home/coordsys/zbx/MVSROS_project/build/hik_camera -- -j16 -l16
[1.101s] [ 33%] [32mBuilding CXX object CMakeFiles/hik_camera_node.dir/src/hik_camera_node.cpp.o[0m
[1.101s] [ 66%] [32mBuilding CXX object CMakeFiles/hik_camera_node.dir/src/hik_camera_driver.cpp.o[0m
[2.824s] In file included from [01m[K/opt/ros/humble/include/rclcpp/rclcpp/logging.hpp:24[m[K,
[2.824s]                  from [01m[K/opt/ros/humble/include/rclcpp/rclcpp/client.hpp:40[m[K,
[2.824s]                  from [01m[K/opt/ros/humble/include/rclcpp/rclcpp/callback_group.hpp:24[m[K,
[2.824s]                  from [01m[K/opt/ros/humble/include/rclcpp/rclcpp/any_executable.hpp:20[m[K,
[2.824s]                  from [01m[K/opt/ros/humble/include/rclcpp/rclcpp/memory_strategy.hpp:25[m[K,
[2.824s]                  from [01m[K/opt/ros/humble/include/rclcpp/rclcpp/memory_strategies.hpp:18[m[K,
[2.824s]                  from [01m[K/opt/ros/humble/include/rclcpp/rclcpp/executor_options.hpp:20[m[K,
[2.824s]                  from [01m[K/opt/ros/humble/include/rclcpp/rclcpp/executor.hpp:37[m[K,
[2.825s]                  from [01m[K/opt/ros/humble/include/rclcpp/rclcpp/executors/multi_threaded_executor.hpp:25[m[K,
[2.825s]                  from [01m[K/opt/ros/humble/include/rclcpp/rclcpp/executors.hpp:21[m[K,
[2.825s]                  from [01m[K/opt/ros/humble/include/rclcpp/rclcpp/rclcpp.hpp:155[m[K,
[2.825s]                  from [01m[K/home/coordsys/zbx/MVSROS_project/MVS_ROS2/hik_camera/include/hik_camera/hik_camera_driver.hpp:6[m[K,
[2.825s]                  from [01m[K/home/coordsys/zbx/MVSROS_project/MVS_ROS2/hik_camera/src/hik_camera_driver.cpp:1[m[K:
[2.825s] [01m[K/home/coordsys/zbx/MVSROS_project/MVS_ROS2/hik_camera/src/hik_camera_driver.cpp:[m[K In static member function ‘[01m[Kstatic void HikCameraDriver::onImageCallback(unsigned char*, MV_FRAME_OUT_INFO_EX*, void*)[m[K’:
[2.825s] [01m[K/home/coordsys/zbx/MVSROS_project/MVS_ROS2/hik_camera/src/hik_camera_driver.cpp:289:17:[m[K [01;35m[Kwarning: [m[Kformat ‘[01m[K%u[m[K’ expects argument of type ‘[01m[Kunsigned int[m[K’, but argument 7 has type ‘[01m[Klong int[m[K’ [[01;35m[K]8;;https://gcc.gnu.org/onlinedocs/gcc/Warning-Options.html#index-Wformat=-Wformat=]8;;[m[K]
[2.825s]   289 |                 [01;35m[K"Image received: %dx%d, format=%u"[m[K,
[2.825s]       |                 [01;35m[K^~~~~~~~~~~~~~~~~~~~~~~~~~~~~~~~~~[m[K
[2.825s]   290 |                 pFrameInfo->nWidth, pFrameInfo->nHeight, [32m[KpFrameInfo->enPixelType[m[K);
[2.825s]       |                                                          [32m[K~~~~~~~~~~~~~~~~~~~~~~~[m[K
[2.825s]       |                                                                      [32m[K|[m[K
[2.825s]       |                                                                      [32m[Klong int[m[K
[2.825s] [01m[K/home/coordsys/zbx/MVSROS_project/MVS_ROS2/hik_camera/src/hik_camera_driver.cpp:289:49:[m[K [01;36m[Knote: [m[Kformat string is defined here
[2.825s]   289 |                 "Image received: %dx%d, format=[01;36m[K%u[m[K",
[2.825s]       |                                                [01;36m[K~^[m[K
[2.825s]       |                                                 [01;36m[K|[m[K
[2.825s]       |                                                 [01;36m[Kunsigned int[m[K
[2.826s]       |                                                [32m[K%lu[m[K
[2.830s] In file included from [01m[K/opt/ros/humble/include/rclcpp/rclcpp/logging.hpp:24[m[K,
[2.830s]                  from [01m[K/opt/ros/humble/include/rclcpp/rclcpp/client.hpp:40[m[K,
[2.830s]                  from [01m[K/opt/ros/humble/include/rclcpp/rclcpp/callback_group.hpp:24[m[K,
[2.830s]                  from [01m[K/opt/ros/humble/include/rclcpp/rclcpp/any_executable.hpp:20[m[K,
[2.830s]                  from [01m[K/opt/ros/humble/include/rclcpp/rclcpp/memory_strategy.hpp:25[m[K,
[2.830s]                  from [01m[K/opt/ros/humble/include/rclcpp/rclcpp/memory_strategies.hpp:18[m[K,
[2.830s]                  from [01m[K/opt/ros/humble/include/rclcpp/rclcpp/executor_options.hpp:20[m[K,
[2.830s]                  from [01m[K/opt/ros/humble/include/rclcpp/rclcpp/executor.hpp:37[m[K,
[2.830s]                  from [01m[K/opt/ros/humble/include/rclcpp/rclcpp/executors/multi_threaded_executor.hpp:25[m[K,
[2.830s]                  from [01m[K/opt/ros/humble/include/rclcpp/rclcpp/executors.hpp:21[m[K,
[2.830s]                  from [01m[K/opt/ros/humble/include/rclcpp/rclcpp/rclcpp.hpp:155[m[K,
[2.830s]                  from [01m[K/home/coordsys/zbx/MVSROS_project/MVS_ROS2/hik_camera/include/hik_camera/hik_camera_driver.hpp:6[m[K,
[2.830s]                  from [01m[K/home/coordsys/zbx/MVSROS_project/MVS_ROS2/hik_camera/src/hik_camera_driver.cpp:1[m[K:
[2.830s] [01m[K/home/coordsys/zbx/MVSROS_project/MVS_ROS2/hik_camera/src/hik_camera_driver.cpp:306:21:[m[K [01;35m[Kwarning: [m[Kformat ‘[01m[K%u[m[K’ expects argument of type ‘[01m[Kunsigned int[m[K’, but argument 5 has type ‘[01m[Klong int[m[K’ [[01;35m[K]8;;https://gcc.gnu.org/onlinedocs/gcc/Warning-Options.html#index-Wformat=-Wformat=]8;;[m[K]
[2.830s]   306 |                     [01;35m[K"Unsupported pixel format: %u"[m[K, [32m[KpFrameInfo->enPixelType[m[K);
[2.830s]       |                     [01;35m[K^~~~~~~~~~~~~~~~~~~~~~~~~~~~~~[m[K  [32m[K~~~~~~~~~~~~~~~~~~~~~~~[m[K
[2.830s]       |                                                                 [32m[K|[m[K
[2.830s]       |                                                                 [32m[Klong int[m[K
[2.831s] [01m[K/home/coordsys/zbx/MVSROS_project/MVS_ROS2/hik_camera/src/hik_camera_driver.cpp:306:49:[m[K [01;36m[Knote: [m[Kformat string is defined here
[2.831s]   306 |                     "Unsupported pixel format: [01;36m[K%u[m[K", pFrameInfo->enPixelType);
[2.831s]       |                                                [01;36m[K~^[m[K
[2.831s]       |                                                 [01;36m[K|[m[K
[2.831s]       |                                                 [01;36m[Kunsigned int[m[K
[2.831s]       |                                                [32m[K%lu[m[K
[3.473s] [100%] [32m[1mLinking CXX executable hik_camera_node[0m
[3.587s] [100%] Built target hik_camera_node
[3.597s] Invoked command in '/home/coordsys/zbx/MVSROS_project/build/hik_camera' returned '0': CMAKE_PREFIX_PATH=${CMAKE_PREFIX_PATH}:/opt/ros/humble /usr/bin/cmake --build /home/coordsys/zbx/MVSROS_project/build/hik_camera -- -j16 -l16
[3.607s] Invoking command in '/home/coordsys/zbx/MVSROS_project/build/hik_camera': CMAKE_PREFIX_PATH=${CMAKE_PREFIX_PATH}:/opt/ros/humble /usr/bin/cmake --install /home/coordsys/zbx/MVSROS_project/build/hik_camera
[3.617s] -- Install configuration: ""
[3.617s] -- Installing: /home/coordsys/zbx/MVSROS_project/install/hik_camera/lib/hik_camera/hik_camera_node
[3.617s] -- Set runtime path of "/home/coordsys/zbx/MVSROS_project/install/hik_camera/lib/hik_camera/hik_camera_node" to "$ORIGIN/../lib:$ORIGIN/lib:/home/coordsys/zbx/MVSROS_project/MVS_SDK/SDK/lib/64"
[3.617s] -- Installing: /home/coordsys/zbx/MVSROS_project/install/hik_camera/share/hik_camera/launch
[3.617s] -- Installing: /home/coordsys/zbx/MVSROS_project/install/hik_camera/share/hik_camera/launch/hik_camera.launch.py
[3.617s] -- Installing: /home/coordsys/zbx/MVSROS_project/install/hik_camera/share/hik_camera/config
[3.617s] -- Installing: /home/coordsys/zbx/MVSROS_project/install/hik_camera/share/hik_camera/config/camera_params.yaml
[3.617s] -- Installing: /home/coordsys/zbx/MVSROS_project/install/hik_camera/share/ament_index/resource_index/package_run_dependencies/hik_camera
[3.617s] -- Installing: /home/coordsys/zbx/MVSROS_project/install/hik_camera/share/ament_index/resource_index/parent_prefix_path/hik_camera
[3.617s] -- Installing: /home/coordsys/zbx/MVSROS_project/install/hik_camera/share/hik_camera/environment/ament_prefix_path.sh
[3.617s] -- Installing: /home/coordsys/zbx/MVSROS_project/install/hik_camera/share/hik_camera/environment/ament_prefix_path.dsv
[3.617s] -- Installing: /home/coordsys/zbx/MVSROS_project/install/hik_camera/share/hik_camera/environment/path.sh
[3.618s] -- Installing: /home/coordsys/zbx/MVSROS_project/install/hik_camera/share/hik_camera/environment/path.dsv
[3.618s] -- Installing: /home/coordsys/zbx/MVSROS_project/install/hik_camera/share/hik_camera/local_setup.bash
[3.618s] -- Installing: /home/coordsys/zbx/MVSROS_project/install/hik_camera/share/hik_camera/local_setup.sh
[3.618s] -- Installing: /home/coordsys/zbx/MVSROS_project/install/hik_camera/share/hik_camera/local_setup.zsh
[3.618s] -- Installing: /home/coordsys/zbx/MVSROS_project/install/hik_camera/share/hik_camera/local_setup.dsv
[3.618s] -- Installing: /home/coordsys/zbx/MVSROS_project/install/hik_camera/share/hik_camera/package.dsv
[3.618s] -- Installing: /home/coordsys/zbx/MVSROS_project/install/hik_camera/share/ament_index/resource_index/packages/hik_camera
[3.618s] -- Installing: /home/coordsys/zbx/MVSROS_project/install/hik_camera/share/hik_camera/cmake/hik_cameraConfig.cmake
[3.618s] -- Installing: /home/coordsys/zbx/MVSROS_project/install/hik_camera/share/hik_camera/cmake/hik_cameraConfig-version.cmake
[3.618s] -- Installing: /home/coordsys/zbx/MVSROS_project/install/hik_camera/share/hik_camera/package.xml
[3.620s] Invoked command in '/home/coordsys/zbx/MVSROS_project/build/hik_camera' returned '0': CMAKE_PREFIX_PATH=${CMAKE_PREFIX_PATH}:/opt/ros/humble /usr/bin/cmake --install /home/coordsys/zbx/MVSROS_project/build/hik_camera
