[35m[1mConsolidate compiler generated dependencies of target hik_camera_node[0m
[ 33%] [32mBuilding CXX object CMakeFiles/hik_camera_node.dir/src/hik_camera_driver.cpp.o[0m
In file included from [01m[K/opt/ros/humble/include/rclcpp/rclcpp/logging.hpp:24[m[K,
                 from [01m[K/opt/ros/humble/include/rclcpp/rclcpp/client.hpp:40[m[K,
                 from [01m[K/opt/ros/humble/include/rclcpp/rclcpp/callback_group.hpp:24[m[K,
                 from [01m[K/opt/ros/humble/include/rclcpp/rclcpp/any_executable.hpp:20[m[K,
                 from [01m[K/opt/ros/humble/include/rclcpp/rclcpp/memory_strategy.hpp:25[m[K,
                 from [01m[K/opt/ros/humble/include/rclcpp/rclcpp/memory_strategies.hpp:18[m[K,
                 from [01m[K/opt/ros/humble/include/rclcpp/rclcpp/executor_options.hpp:20[m[K,
                 from [01m[K/opt/ros/humble/include/rclcpp/rclcpp/executor.hpp:37[m[K,
                 from [01m[K/opt/ros/humble/include/rclcpp/rclcpp/executors/multi_threaded_executor.hpp:25[m[K,
                 from [01m[K/opt/ros/humble/include/rclcpp/rclcpp/executors.hpp:21[m[K,
                 from [01m[K/opt/ros/humble/include/rclcpp/rclcpp/rclcpp.hpp:155[m[K,
                 from [01m[K/home/coordsys/zbx/MVSROS_project/MVS_ROS2/hik_camera/include/hik_camera/hik_camera_driver.hpp:6[m[K,
                 from [01m[K/home/coordsys/zbx/MVSROS_project/MVS_ROS2/hik_camera/src/hik_camera_driver.cpp:1[m[K:
[01m[K/home/coordsys/zbx/MVSROS_project/MVS_ROS2/hik_camera/src/hik_camera_driver.cpp:[m[K In static member function ‘[01m[Kstatic void HikCameraDriver::onImageCallback(unsigned char*, MV_FRAME_OUT_INFO_EX*, void*)[m[K’:
[01m[K/home/coordsys/zbx/MVSROS_project/MVS_ROS2/hik_camera/src/hik_camera_driver.cpp:323:17:[m[K [01;35m[Kwarning: [m[Kformat ‘[01m[K%u[m[K’ expects argument of type ‘[01m[Kunsigned int[m[K’, but argument 7 has type ‘[01m[Klong int[m[K’ [[01;35m[K]8;;https://gcc.gnu.org/onlinedocs/gcc/Warning-Options.html#index-Wformat=-Wformat=]8;;[m[K]
  323 |                 [01;35m[K"Image received: %dx%d, format=%u"[m[K,
      |                 [01;35m[K^~~~~~~~~~~~~~~~~~~~~~~~~~~~~~~~~~[m[K
  324 |                 pFrameInfo->nWidth, pFrameInfo->nHeight, [32m[KpFrameInfo->enPixelType[m[K);
      |                                                          [32m[K~~~~~~~~~~~~~~~~~~~~~~~[m[K
      |                                                                      [32m[K|[m[K
      |                                                                      [32m[Klong int[m[K
[01m[K/home/coordsys/zbx/MVSROS_project/MVS_ROS2/hik_camera/src/hik_camera_driver.cpp:323:49:[m[K [01;36m[Knote: [m[Kformat string is defined here
  323 |                 "Image received: %dx%d, format=[01;36m[K%u[m[K",
      |                                                [01;36m[K~^[m[K
      |                                                 [01;36m[K|[m[K
      |                                                 [01;36m[Kunsigned int[m[K
      |                                                [32m[K%lu[m[K
In file included from [01m[K/opt/ros/humble/include/rclcpp/rclcpp/logging.hpp:24[m[K,
                 from [01m[K/opt/ros/humble/include/rclcpp/rclcpp/client.hpp:40[m[K,
                 from [01m[K/opt/ros/humble/include/rclcpp/rclcpp/callback_group.hpp:24[m[K,
                 from [01m[K/opt/ros/humble/include/rclcpp/rclcpp/any_executable.hpp:20[m[K,
                 from [01m[K/opt/ros/humble/include/rclcpp/rclcpp/memory_strategy.hpp:25[m[K,
                 from [01m[K/opt/ros/humble/include/rclcpp/rclcpp/memory_strategies.hpp:18[m[K,
                 from [01m[K/opt/ros/humble/include/rclcpp/rclcpp/executor_options.hpp:20[m[K,
                 from [01m[K/opt/ros/humble/include/rclcpp/rclcpp/executor.hpp:37[m[K,
                 from [01m[K/opt/ros/humble/include/rclcpp/rclcpp/executors/multi_threaded_executor.hpp:25[m[K,
                 from [01m[K/opt/ros/humble/include/rclcpp/rclcpp/executors.hpp:21[m[K,
                 from [01m[K/opt/ros/humble/include/rclcpp/rclcpp/rclcpp.hpp:155[m[K,
                 from [01m[K/home/coordsys/zbx/MVSROS_project/MVS_ROS2/hik_camera/include/hik_camera/hik_camera_driver.hpp:6[m[K,
                 from [01m[K/home/coordsys/zbx/MVSROS_project/MVS_ROS2/hik_camera/src/hik_camera_driver.cpp:1[m[K:
[01m[K/home/coordsys/zbx/MVSROS_project/MVS_ROS2/hik_camera/src/hik_camera_driver.cpp:340:21:[m[K [01;35m[Kwarning: [m[Kformat ‘[01m[K%u[m[K’ expects argument of type ‘[01m[Kunsigned int[m[K’, but argument 5 has type ‘[01m[Klong int[m[K’ [[01;35m[K]8;;https://gcc.gnu.org/onlinedocs/gcc/Warning-Options.html#index-Wformat=-Wformat=]8;;[m[K]
  340 |                     [01;35m[K"Unsupported pixel format: %u"[m[K, [32m[KpFrameInfo->enPixelType[m[K);
      |                     [01;35m[K^~~~~~~~~~~~~~~~~~~~~~~~~~~~~~[m[K  [32m[K~~~~~~~~~~~~~~~~~~~~~~~[m[K
      |                                                                 [32m[K|[m[K
      |                                                                 [32m[Klong int[m[K
[01m[K/home/coordsys/zbx/MVSROS_project/MVS_ROS2/hik_camera/src/hik_camera_driver.cpp:340:49:[m[K [01;36m[Knote: [m[Kformat string is defined here
  340 |                     "Unsupported pixel format: [01;36m[K%u[m[K", pFrameInfo->enPixelType);
      |                                                [01;36m[K~^[m[K
      |                                                 [01;36m[K|[m[K
      |                                                 [01;36m[Kunsigned int[m[K
      |                                                [32m[K%lu[m[K
[ 66%] [32m[1mLinking CXX executable hik_camera_node[0m
[100%] Built target hik_camera_node
-- Install configuration: ""
-- Installing: /home/coordsys/zbx/MVSROS_project/install/hik_camera/lib/hik_camera/hik_camera_node
-- Set runtime path of "/home/coordsys/zbx/MVSROS_project/install/hik_camera/lib/hik_camera/hik_camera_node" to "$ORIGIN/../lib:$ORIGIN/lib:/home/coordsys/zbx/MVSROS_project/MVS_SDK/SDK/lib/64"
-- Up-to-date: /home/coordsys/zbx/MVSROS_project/install/hik_camera/share/hik_camera/launch
-- Up-to-date: /home/coordsys/zbx/MVSROS_project/install/hik_camera/share/hik_camera/launch/hik_camera.launch.py
-- Up-to-date: /home/coordsys/zbx/MVSROS_project/install/hik_camera/share/hik_camera/config
-- Up-to-date: /home/coordsys/zbx/MVSROS_project/install/hik_camera/share/hik_camera/config/camera_params.yaml
-- Up-to-date: /home/coordsys/zbx/MVSROS_project/install/hik_camera/share/ament_index/resource_index/package_run_dependencies/hik_camera
-- Up-to-date: /home/coordsys/zbx/MVSROS_project/install/hik_camera/share/ament_index/resource_index/parent_prefix_path/hik_camera
-- Up-to-date: /home/coordsys/zbx/MVSROS_project/install/hik_camera/share/hik_camera/environment/ament_prefix_path.sh
-- Up-to-date: /home/coordsys/zbx/MVSROS_project/install/hik_camera/share/hik_camera/environment/ament_prefix_path.dsv
-- Up-to-date: /home/coordsys/zbx/MVSROS_project/install/hik_camera/share/hik_camera/environment/path.sh
-- Up-to-date: /home/coordsys/zbx/MVSROS_project/install/hik_camera/share/hik_camera/environment/path.dsv
-- Up-to-date: /home/coordsys/zbx/MVSROS_project/install/hik_camera/share/hik_camera/local_setup.bash
-- Up-to-date: /home/coordsys/zbx/MVSROS_project/install/hik_camera/share/hik_camera/local_setup.sh
-- Up-to-date: /home/coordsys/zbx/MVSROS_project/install/hik_camera/share/hik_camera/local_setup.zsh
-- Up-to-date: /home/coordsys/zbx/MVSROS_project/install/hik_camera/share/hik_camera/local_setup.dsv
-- Installing: /home/coordsys/zbx/MVSROS_project/install/hik_camera/share/hik_camera/package.dsv
-- Up-to-date: /home/coordsys/zbx/MVSROS_project/install/hik_camera/share/ament_index/resource_index/packages/hik_camera
-- Up-to-date: /home/coordsys/zbx/MVSROS_project/install/hik_camera/share/hik_camera/cmake/hik_cameraConfig.cmake
-- Up-to-date: /home/coordsys/zbx/MVSROS_project/install/hik_camera/share/hik_camera/cmake/hik_cameraConfig-version.cmake
-- Up-to-date: /home/coordsys/zbx/MVSROS_project/install/hik_camera/share/hik_camera/package.xml
