[0.009s] Invoking command in '/home/coordsys/zbx/MVSROS_project/build/hik_camera': CMAKE_PREFIX_PATH=${CMAKE_PREFIX_PATH}:/opt/ros/humble /usr/bin/cmake --build /home/coordsys/zbx/MVSROS_project/build/hik_camera -- -j16 -l16
[0.055s] [35m[1mConsolidate compiler generated dependencies of target hik_camera_node[0m
[0.085s] [100%] Built target hik_camera_node
[0.095s] Invoked command in '/home/coordsys/zbx/MVSROS_project/build/hik_camera' returned '0': CMAKE_PREFIX_PATH=${CMAKE_PREFIX_PATH}:/opt/ros/humble /usr/bin/cmake --build /home/coordsys/zbx/MVSROS_project/build/hik_camera -- -j16 -l16
[0.104s] Invoking command in '/home/coordsys/zbx/MVSROS_project/build/hik_camera': CMAKE_PREFIX_PATH=${CMAKE_PREFIX_PATH}:/opt/ros/humble /usr/bin/cmake --install /home/coordsys/zbx/MVSROS_project/build/hik_camera
[0.116s] -- Install configuration: ""
[0.117s] -- Up-to-date: /home/coordsys/zbx/MVSROS_project/install/hik_camera/lib/hik_camera/hik_camera_node
[0.117s] -- Up-to-date: /home/coordsys/zbx/MVSROS_project/install/hik_camera/share/hik_camera/launch
[0.117s] -- Up-to-date: /home/coordsys/zbx/MVSROS_project/install/hik_camera/share/hik_camera/launch/hik_camera.launch.py
[0.117s] -- Up-to-date: /home/coordsys/zbx/MVSROS_project/install/hik_camera/share/hik_camera/config
[0.118s] -- Installing: /home/coordsys/zbx/MVSROS_project/install/hik_camera/share/hik_camera/config/camera_params.yaml
[0.118s] -- Up-to-date: /home/coordsys/zbx/MVSROS_project/install/hik_camera/share/ament_index/resource_index/package_run_dependencies/hik_camera
[0.118s] -- Up-to-date: /home/coordsys/zbx/MVSROS_project/install/hik_camera/share/ament_index/resource_index/parent_prefix_path/hik_camera
[0.118s] -- Up-to-date: /home/coordsys/zbx/MVSROS_project/install/hik_camera/share/hik_camera/environment/ament_prefix_path.sh
[0.118s] -- Up-to-date: /home/coordsys/zbx/MVSROS_project/install/hik_camera/share/hik_camera/environment/ament_prefix_path.dsv
[0.119s] -- Up-to-date: /home/coordsys/zbx/MVSROS_project/install/hik_camera/share/hik_camera/environment/path.sh
[0.119s] -- Up-to-date: /home/coordsys/zbx/MVSROS_project/install/hik_camera/share/hik_camera/environment/path.dsv
[0.119s] -- Up-to-date: /home/coordsys/zbx/MVSROS_project/install/hik_camera/share/hik_camera/local_setup.bash
[0.120s] -- Up-to-date: /home/coordsys/zbx/MVSROS_project/install/hik_camera/share/hik_camera/local_setup.sh
[0.120s] -- Up-to-date: /home/coordsys/zbx/MVSROS_project/install/hik_camera/share/hik_camera/local_setup.zsh
[0.122s] -- Up-to-date: /home/coordsys/zbx/MVSROS_project/install/hik_camera/share/hik_camera/local_setup.dsv
[0.122s] -- Installing: /home/coordsys/zbx/MVSROS_project/install/hik_camera/share/hik_camera/package.dsv
[0.122s] -- Up-to-date: /home/coordsys/zbx/MVSROS_project/install/hik_camera/share/ament_index/resource_index/packages/hik_camera
[0.122s] -- Up-to-date: /home/coordsys/zbx/MVSROS_project/install/hik_camera/share/hik_camera/cmake/hik_cameraConfig.cmake
[0.122s] -- Up-to-date: /home/coordsys/zbx/MVSROS_project/install/hik_camera/share/hik_camera/cmake/hik_cameraConfig-version.cmake
[0.123s] -- Up-to-date: /home/coordsys/zbx/MVSROS_project/install/hik_camera/share/hik_camera/package.xml
[0.123s] Invoked command in '/home/coordsys/zbx/MVSROS_project/build/hik_camera' returned '0': CMAKE_PREFIX_PATH=${CMAKE_PREFIX_PATH}:/opt/ros/humble /usr/bin/cmake --install /home/coordsys/zbx/MVSROS_project/build/hik_camera
